<?xml version="1.0" encoding="UTF-8"?>
<coverage generated="1629398890563" clover="3.2.0">
  <project timestamp="1629398890564" name="All files">
    <metrics statements="37" coveredstatements="37" conditionals="14" coveredconditionals="12" methods="9" coveredmethods="9" elements="60" coveredelements="58" complexity="0" loc="37" ncloc="37" packages="1" files="1" classes="1"/>
    <file name="LinkedList.js" path="/vagrant/w9/linked-list-js/LinkedList.js">
      <metrics statements="37" coveredstatements="37" conditionals="14" coveredconditionals="12" methods="9" coveredmethods="9"/>
      <line num="3" count="15" type="stmt"/>
      <line num="4" count="15" type="stmt"/>
      <line num="8" count="63" type="stmt"/>
      <line num="9" count="63" type="stmt"/>
      <line num="10" count="63" type="stmt"/>
      <line num="14" count="14" type="cond" truecount="4" falsecount="0"/>
      <line num="16" count="8" type="cond" truecount="2" falsecount="0"/>
      <line num="18" count="7" type="stmt"/>
      <line num="19" count="7" type="stmt"/>
      <line num="20" count="9" type="stmt"/>
      <line num="22" count="7" type="stmt"/>
      <line num="26" count="4" type="cond" truecount="1" falsecount="1"/>
      <line num="28" count="4" type="stmt"/>
      <line num="29" count="4" type="cond" truecount="2" falsecount="0"/>
      <line num="31" count="2" type="stmt"/>
      <line num="32" count="2" type="stmt"/>
      <line num="36" count="4" type="cond" truecount="1" falsecount="1"/>
      <line num="38" count="4" type="stmt"/>
      <line num="39" count="4" type="cond" truecount="2" falsecount="0"/>
      <line num="41" count="2" type="stmt"/>
      <line num="42" count="2" type="stmt"/>
      <line num="46" count="1" type="stmt"/>
      <line num="47" count="1" type="stmt"/>
      <line num="51" count="2" type="stmt"/>
      <line num="52" count="2" type="stmt"/>
      <line num="54" count="2" type="stmt"/>
      <line num="55" count="6" type="stmt"/>
      <line num="56" count="6" type="stmt"/>
      <line num="58" count="2" type="stmt"/>
      <line num="64" count="65" type="stmt"/>
      <line num="65" count="65" type="stmt"/>
      <line num="69" count="1" type="stmt"/>
      <line num="70" count="14" type="stmt"/>
      <line num="71" count="14" type="stmt"/>
      <line num="72" count="61" type="stmt"/>
      <line num="74" count="14" type="stmt"/>
      <line num="77" count="1" type="stmt"/>
    </file>
  </project>
</coverage>
