{"/vagrant/w9/linked-list-js/LinkedList.js": {"path":"/vagrant/w9/linked-list-js/LinkedList.js","statementMap":{"0":{"start":{"line":3,"column":4},"end":{"line":3,"column":21}},"1":{"start":{"line":4,"column":4},"end":{"line":4,"column":20}},"2":{"start":{"line":8,"column":20},"end":{"line":8,"column":55}},"3":{"start":{"line":9,"column":4},"end":{"line":9,"column":24}},"4":{"start":{"line":10,"column":4},"end":{"line":10,"column":18}},"5":{"start":{"line":14,"column":4},"end":{"line":14,"column":55}},"6":{"start":{"line":14,"column":43},"end":{"line":14,"column":55}},"7":{"start":{"line":16,"column":4},"end":{"line":16,"column":38}},"8":{"start":{"line":16,"column":21},"end":{"line":16,"column":38}},"9":{"start":{"line":18,"column":18},"end":{"line":18,"column":27}},"10":{"start":{"line":19,"column":4},"end":{"line":21,"column":5}},"11":{"start":{"line":19,"column":17},"end":{"line":19,"column":18}},"12":{"start":{"line":20,"column":6},"end":{"line":20,"column":29}},"13":{"start":{"line":22,"column":4},"end":{"line":22,"column":19}},"14":{"start":{"line":26,"column":4},"end":{"line":26,"column":48}},"15":{"start":{"line":26,"column":21},"end":{"line":26,"column":48}},"16":{"start":{"line":28,"column":17},"end":{"line":28,"column":43}},"17":{"start":{"line":29,"column":4},"end":{"line":29,"column":35}},"18":{"start":{"line":29,"column":23},"end":{"line":29,"column":35}},"19":{"start":{"line":31,"column":4},"end":{"line":31,"column":53}},"20":{"start":{"line":32,"column":4},"end":{"line":32,"column":18}},"21":{"start":{"line":36,"column":4},"end":{"line":36,"column":41}},"22":{"start":{"line":36,"column":21},"end":{"line":36,"column":41}},"23":{"start":{"line":38,"column":17},"end":{"line":38,"column":43}},"24":{"start":{"line":39,"column":4},"end":{"line":39,"column":35}},"25":{"start":{"line":39,"column":23},"end":{"line":39,"column":35}},"26":{"start":{"line":41,"column":4},"end":{"line":41,"column":31}},"27":{"start":{"line":42,"column":4},"end":{"line":42,"column":18}},"28":{"start":{"line":46,"column":4},"end":{"line":46,"column":31}},"29":{"start":{"line":47,"column":4},"end":{"line":47,"column":18}},"30":{"start":{"line":51,"column":15},"end":{"line":51,"column":17}},"31":{"start":{"line":52,"column":18},"end":{"line":52,"column":27}},"32":{"start":{"line":54,"column":4},"end":{"line":57,"column":5}},"33":{"start":{"line":55,"column":6},"end":{"line":55,"column":43}},"34":{"start":{"line":56,"column":6},"end":{"line":56,"column":29}},"35":{"start":{"line":58,"column":4},"end":{"line":58,"column":28}},"36":{"start":{"line":64,"column":4},"end":{"line":64,"column":23}},"37":{"start":{"line":65,"column":4},"end":{"line":65,"column":21}},"38":{"start":{"line":69,"column":0},"end":{"line":75,"column":2}},"39":{"start":{"line":70,"column":15},"end":{"line":70,"column":31}},"40":{"start":{"line":71,"column":2},"end":{"line":73,"column":3}},"41":{"start":{"line":71,"column":15},"end":{"line":71,"column":32}},"42":{"start":{"line":72,"column":4},"end":{"line":72,"column":28}},"43":{"start":{"line":74,"column":2},"end":{"line":74,"column":14}},"44":{"start":{"line":77,"column":0},"end":{"line":77,"column":28}}},"fnMap":{"0":{"name":"(anonymous_0)","decl":{"start":{"line":2,"column":2},"end":{"line":2,"column":3}},"loc":{"start":{"line":2,"column":16},"end":{"line":5,"column":3}},"line":2},"1":{"name":"(anonymous_1)","decl":{"start":{"line":7,"column":2},"end":{"line":7,"column":3}},"loc":{"start":{"line":7,"column":16},"end":{"line":11,"column":3}},"line":7},"2":{"name":"(anonymous_2)","decl":{"start":{"line":13,"column":2},"end":{"line":13,"column":3}},"loc":{"start":{"line":13,"column":20},"end":{"line":23,"column":3}},"line":13},"3":{"name":"(anonymous_3)","decl":{"start":{"line":25,"column":2},"end":{"line":25,"column":3}},"loc":{"start":{"line":25,"column":30},"end":{"line":33,"column":3}},"line":25},"4":{"name":"(anonymous_4)","decl":{"start":{"line":35,"column":2},"end":{"line":35,"column":3}},"loc":{"start":{"line":35,"column":23},"end":{"line":43,"column":3}},"line":35},"5":{"name":"(anonymous_5)","decl":{"start":{"line":45,"column":2},"end":{"line":45,"column":3}},"loc":{"start":{"line":45,"column":10},"end":{"line":48,"column":3}},"line":45},"6":{"name":"(anonymous_6)","decl":{"start":{"line":50,"column":2},"end":{"line":50,"column":3}},"loc":{"start":{"line":50,"column":13},"end":{"line":59,"column":3}},"line":50},"7":{"name":"(anonymous_7)","decl":{"start":{"line":63,"column":2},"end":{"line":63,"column":3}},"loc":{"start":{"line":63,"column":27},"end":{"line":66,"column":3}},"line":63},"8":{"name":"(anonymous_8)","decl":{"start":{"line":69,"column":24},"end":{"line":69,"column":25}},"loc":{"start":{"line":69,"column":45},"end":{"line":75,"column":1}},"line":69}},"branchMap":{"0":{"loc":{"start":{"line":14,"column":4},"end":{"line":14,"column":55}},"type":"if","locations":[{"start":{"line":14,"column":4},"end":{"line":14,"column":55}},{"start":{"line":14,"column":4},"end":{"line":14,"column":55}}],"line":14},"1":{"loc":{"start":{"line":14,"column":8},"end":{"line":14,"column":41}},"type":"binary-expr","locations":[{"start":{"line":14,"column":8},"end":{"line":14,"column":17}},{"start":{"line":14,"column":21},"end":{"line":14,"column":41}}],"line":14},"2":{"loc":{"start":{"line":16,"column":4},"end":{"line":16,"column":38}},"type":"if","locations":[{"start":{"line":16,"column":4},"end":{"line":16,"column":38}},{"start":{"line":16,"column":4},"end":{"line":16,"column":38}}],"line":16},"3":{"loc":{"start":{"line":26,"column":4},"end":{"line":26,"column":48}},"type":"if","locations":[{"start":{"line":26,"column":4},"end":{"line":26,"column":48}},{"start":{"line":26,"column":4},"end":{"line":26,"column":48}}],"line":26},"4":{"loc":{"start":{"line":29,"column":4},"end":{"line":29,"column":35}},"type":"if","locations":[{"start":{"line":29,"column":4},"end":{"line":29,"column":35}},{"start":{"line":29,"column":4},"end":{"line":29,"column":35}}],"line":29},"5":{"loc":{"start":{"line":36,"column":4},"end":{"line":36,"column":41}},"type":"if","locations":[{"start":{"line":36,"column":4},"end":{"line":36,"column":41}},{"start":{"line":36,"column":4},"end":{"line":36,"column":41}}],"line":36},"6":{"loc":{"start":{"line":39,"column":4},"end":{"line":39,"column":35}},"type":"if","locations":[{"start":{"line":39,"column":4},"end":{"line":39,"column":35}},{"start":{"line":39,"column":4},"end":{"line":39,"column":35}}],"line":39}},"s":{"0":15,"1":15,"2":63,"3":63,"4":63,"5":14,"6":6,"7":8,"8":1,"9":7,"10":7,"11":7,"12":9,"13":7,"14":4,"15":0,"16":4,"17":4,"18":2,"19":2,"20":2,"21":4,"22":0,"23":4,"24":4,"25":2,"26":2,"27":2,"28":1,"29":1,"30":2,"31":2,"32":2,"33":6,"34":6,"35":2,"36":65,"37":65,"38":1,"39":14,"40":14,"41":14,"42":61,"43":14,"44":1},"f":{"0":15,"1":63,"2":14,"3":4,"4":4,"5":1,"6":2,"7":65,"8":14},"b":{"0":[6,8],"1":[14,11],"2":[1,7],"3":[0,4],"4":[2,2],"5":[0,4],"6":[2,2]},"_coverageSchema":"1a1c01bbd47fc00a2c39e90264f33305004495a9","hash":"1793977f9e6c4744088fd9262258bf04f5935c8c"}
}
