TN:
SF:LinkedList.js
FN:2,(anonymous_0)
FN:7,(anonymous_1)
FN:13,(anonymous_2)
FN:25,(anonymous_3)
FN:38,(anonymous_4)
FN:44,(anonymous_5)
FNF:6
FNH:6
FNDA:6,(anonymous_0)
FNDA:17,(anonymous_1)
FNDA:4,(anonymous_2)
FNDA:2,(anonymous_3)
FNDA:17,(anonymous_4)
FNDA:5,(anonymous_5)
DA:3,6
DA:4,6
DA:8,17
DA:9,17
DA:10,17
DA:14,4
DA:16,2
DA:18,1
DA:19,1
DA:20,1
DA:22,1
DA:26,2
DA:27,2
DA:29,2
DA:30,6
DA:31,6
DA:33,2
DA:39,17
DA:40,17
DA:44,1
DA:45,5
DA:46,5
DA:47,15
DA:49,5
DA:52,1
LF:25
LH:25
BRDA:14,0,0,2
BRDA:14,0,1,2
BRDA:14,1,0,4
BRDA:14,1,1,3
BRDA:16,2,0,1
BRDA:16,2,1,1
BRF:6
BRH:6
end_of_record
