TN:
SF:LinkedList.js
FN:2,(anonymous_0)
FN:7,(anonymous_1)
FN:13,(anonymous_2)
FN:25,(anonymous_3)
FN:35,(anonymous_4)
FN:45,(anonymous_5)
FN:50,(anonymous_6)
FN:63,(anonymous_7)
FN:69,(anonymous_8)
FNF:9
FNH:9
FNDA:15,(anonymous_0)
FNDA:63,(anonymous_1)
FNDA:14,(anonymous_2)
FNDA:4,(anonymous_3)
FNDA:4,(anonymous_4)
FNDA:1,(anonymous_5)
FNDA:2,(anonymous_6)
FNDA:65,(anonymous_7)
FNDA:14,(anonymous_8)
DA:3,15
DA:4,15
DA:8,63
DA:9,63
DA:10,63
DA:14,14
DA:16,8
DA:18,7
DA:19,7
DA:20,9
DA:22,7
DA:26,4
DA:28,4
DA:29,4
DA:31,2
DA:32,2
DA:36,4
DA:38,4
DA:39,4
DA:41,2
DA:42,2
DA:46,1
DA:47,1
DA:51,2
DA:52,2
DA:54,2
DA:55,6
DA:56,6
DA:58,2
DA:64,65
DA:65,65
DA:69,1
DA:70,14
DA:71,14
DA:72,61
DA:74,14
DA:77,1
LF:37
LH:37
BRDA:14,0,0,6
BRDA:14,0,1,8
BRDA:14,1,0,14
BRDA:14,1,1,11
BRDA:16,2,0,1
BRDA:16,2,1,7
BRDA:26,3,0,0
BRDA:26,3,1,4
BRDA:29,4,0,2
BRDA:29,4,1,2
BRDA:36,5,0,0
BRDA:36,5,1,4
BRDA:39,6,0,2
BRDA:39,6,1,2
BRF:14
BRH:12
end_of_record
